[2023-10-28 16:30:50] local.ERROR: Undefined property: Illuminate\Support\HtmlString::$view {"exception":"[object] (ErrorException(code: 0): Undefined property: Illuminate\\Support\\HtmlString::$view at C:\\Users\\Dell\\Downloads\\GIT PROJECTS\\Authentication System\\backend\\vendor\\laravel\\framework\\src\\Illuminate\\Mail\\Mailable.php:1703)
[stacktrace]
#0 C:\\Users\\Dell\\Downloads\\GIT PROJECTS\\Authentication System\\backend\\vendor\\laravel\\framework\\src\\Illuminate\\Foundation\\Bootstrap\\HandleExceptions.php(254): Illuminate\\Foundation\\Bootstrap\\HandleExceptions->handleError(2, 'Undefined prope...', 'C:\\\\Users\\\\Dell\\\\D...', 1703)
#1 C:\\Users\\Dell\\Downloads\\GIT PROJECTS\\Authentication System\\backend\\vendor\\laravel\\framework\\src\\Illuminate\\Mail\\Mailable.php(1703): Illuminate\\Foundation\\Bootstrap\\HandleExceptions->Illuminate\\Foundation\\Bootstrap\\{closure}(2, 'Undefined prope...', 'C:\\\\Users\\\\Dell\\\\D...', 1703)
#2 C:\\Users\\Dell\\Downloads\\GIT PROJECTS\\Authentication System\\backend\\vendor\\laravel\\framework\\src\\Illuminate\\Mail\\Mailable.php(1618): Illuminate\\Mail\\Mailable->ensureContentIsHydrated()
#3 C:\\Users\\Dell\\Downloads\\GIT PROJECTS\\Authentication System\\backend\\vendor\\laravel\\framework\\src\\Illuminate\\Mail\\Mailable.php(199): Illuminate\\Mail\\Mailable->prepareMailableForDelivery()
#4 C:\\Users\\Dell\\Downloads\\GIT PROJECTS\\Authentication System\\backend\\vendor\\laravel\\framework\\src\\Illuminate\\Support\\Traits\\Localizable.php(19): Illuminate\\Mail\\Mailable->Illuminate\\Mail\\{closure}()
#5 C:\\Users\\Dell\\Downloads\\GIT PROJECTS\\Authentication System\\backend\\vendor\\laravel\\framework\\src\\Illuminate\\Mail\\Mailable.php(198): Illuminate\\Mail\\Mailable->withLocale(NULL, Object(Closure))
#6 C:\\Users\\Dell\\Downloads\\GIT PROJECTS\\Authentication System\\backend\\vendor\\laravel\\framework\\src\\Illuminate\\Mail\\Mailer.php(326): Illuminate\\Mail\\Mailable->send(Object(Illuminate\\Mail\\Mailer))
#7 C:\\Users\\Dell\\Downloads\\GIT PROJECTS\\Authentication System\\backend\\vendor\\laravel\\framework\\src\\Illuminate\\Mail\\Mailer.php(270): Illuminate\\Mail\\Mailer->sendMailable(Object(App\\Mail\\ForgotPasswordMail))
#8 C:\\Users\\Dell\\Downloads\\GIT PROJECTS\\Authentication System\\backend\\vendor\\laravel\\framework\\src\\Illuminate\\Mail\\PendingMail.php(124): Illuminate\\Mail\\Mailer->send(Object(App\\Mail\\ForgotPasswordMail))
#9 C:\\Users\\Dell\\Downloads\\GIT PROJECTS\\Authentication System\\backend\\app\\Http\\Controllers\\AuthController.php(76): Illuminate\\Mail\\PendingMail->send(Object(App\\Mail\\ForgotPasswordMail))
#10 C:\\Users\\Dell\\Downloads\\GIT PROJECTS\\Authentication System\\backend\\vendor\\laravel\\framework\\src\\Illuminate\\Routing\\Controller.php(54): App\\Http\\Controllers\\AuthController->forgot(Object(App\\Models\\User), Object(Illuminate\\Http\\Request))
#11 C:\\Users\\Dell\\Downloads\\GIT PROJECTS\\Authentication System\\backend\\vendor\\laravel\\framework\\src\\Illuminate\\Routing\\ControllerDispatcher.php(43): Illuminate\\Routing\\Controller->callAction('forgot', Array)
#12 C:\\Users\\Dell\\Downloads\\GIT PROJECTS\\Authentication System\\backend\\vendor\\laravel\\framework\\src\\Illuminate\\Routing\\Route.php(259): Illuminate\\Routing\\ControllerDispatcher->dispatch(Object(Illuminate\\Routing\\Route), Object(App\\Http\\Controllers\\AuthController), 'forgot')
#13 C:\\Users\\Dell\\Downloads\\GIT PROJECTS\\Authentication System\\backend\\vendor\\laravel\\framework\\src\\Illuminate\\Routing\\Route.php(205): Illuminate\\Routing\\Route->runController()
#14 C:\\Users\\Dell\\Downloads\\GIT PROJECTS\\Authentication System\\backend\\vendor\\laravel\\framework\\src\\Illuminate\\Routing\\Router.php(799): Illuminate\\Routing\\Route->run()
#15 C:\\Users\\Dell\\Downloads\\GIT PROJECTS\\Authentication System\\backend\\vendor\\laravel\\framework\\src\\Illuminate\\Pipeline\\Pipeline.php(141): Illuminate\\Routing\\Router->Illuminate\\Routing\\{closure}(Object(Illuminate\\Http\\Request))
#16 C:\\Users\\Dell\\Downloads\\GIT PROJECTS\\Authentication System\\backend\\vendor\\laravel\\framework\\src\\Illuminate\\Routing\\Middleware\\SubstituteBindings.php(50): Illuminate\\Pipeline\\Pipeline->Illuminate\\Pipeline\\{closure}(Object(Illuminate\\Http\\Request))
#17 C:\\Users\\Dell\\Downloads\\GIT PROJECTS\\Authentication System\\backend\\vendor\\laravel\\framework\\src\\Illuminate\\Pipeline\\Pipeline.php(180): Illuminate\\Routing\\Middleware\\SubstituteBindings->handle(Object(Illuminate\\Http\\Request), Object(Closure))
#18 C:\\Users\\Dell\\Downloads\\GIT PROJECTS\\Authentication System\\backend\\vendor\\laravel\\framework\\src\\Illuminate\\Routing\\Middleware\\ThrottleRequests.php(159): Illuminate\\Pipeline\\Pipeline->Illuminate\\Pipeline\\{closure}(Object(Illuminate\\Http\\Request))
#19 C:\\Users\\Dell\\Downloads\\GIT PROJECTS\\Authentication System\\backend\\vendor\\laravel\\framework\\src\\Illuminate\\Routing\\Middleware\\ThrottleRequests.php(125): Illuminate\\Routing\\Middleware\\ThrottleRequests->handleRequest(Object(Illuminate\\Http\\Request), Object(Closure), Array)
#20 C:\\Users\\Dell\\Downloads\\GIT PROJECTS\\Authentication System\\backend\\vendor\\laravel\\framework\\src\\Illuminate\\Routing\\Middleware\\ThrottleRequests.php(87): Illuminate\\Routing\\Middleware\\ThrottleRequests->handleRequestUsingNamedLimiter(Object(Illuminate\\Http\\Request), Object(Closure), 'api', Object(Closure))
#21 C:\\Users\\Dell\\Downloads\\GIT PROJECTS\\Authentication System\\backend\\vendor\\laravel\\framework\\src\\Illuminate\\Pipeline\\Pipeline.php(180): Illuminate\\Routing\\Middleware\\ThrottleRequests->handle(Object(Illuminate\\Http\\Request), Object(Closure), 'api')
#22 C:\\Users\\Dell\\Downloads\\GIT PROJECTS\\Authentication System\\backend\\vendor\\laravel\\framework\\src\\Illuminate\\Pipeline\\Pipeline.php(116): Illuminate\\Pipeline\\Pipeline->Illuminate\\Pipeline\\{closure}(Object(Illuminate\\Http\\Request))
#23 C:\\Users\\Dell\\Downloads\\GIT PROJECTS\\Authentication System\\backend\\vendor\\laravel\\framework\\src\\Illuminate\\Routing\\Router.php(798): Illuminate\\Pipeline\\Pipeline->then(Object(Closure))
#24 C:\\Users\\Dell\\Downloads\\GIT PROJECTS\\Authentication System\\backend\\vendor\\laravel\\framework\\src\\Illuminate\\Routing\\Router.php(777): Illuminate\\Routing\\Router->runRouteWithinStack(Object(Illuminate\\Routing\\Route), Object(Illuminate\\Http\\Request))
#25 C:\\Users\\Dell\\Downloads\\GIT PROJECTS\\Authentication System\\backend\\vendor\\laravel\\framework\\src\\Illuminate\\Routing\\Router.php(741): Illuminate\\Routing\\Router->runRoute(Object(Illuminate\\Http\\Request), Object(Illuminate\\Routing\\Route))
#26 C:\\Users\\Dell\\Downloads\\GIT PROJECTS\\Authentication System\\backend\\vendor\\laravel\\framework\\src\\Illuminate\\Routing\\Router.php(730): Illuminate\\Routing\\Router->dispatchToRoute(Object(Illuminate\\Http\\Request))
#27 C:\\Users\\Dell\\Downloads\\GIT PROJECTS\\Authentication System\\backend\\vendor\\laravel\\framework\\src\\Illuminate\\Foundation\\Http\\Kernel.php(200): Illuminate\\Routing\\Router->dispatch(Object(Illuminate\\Http\\Request))
#28 C:\\Users\\Dell\\Downloads\\GIT PROJECTS\\Authentication System\\backend\\vendor\\laravel\\framework\\src\\Illuminate\\Pipeline\\Pipeline.php(141): Illuminate\\Foundation\\Http\\Kernel->Illuminate\\Foundation\\Http\\{closure}(Object(Illuminate\\Http\\Request))
#29 C:\\Users\\Dell\\Downloads\\GIT PROJECTS\\Authentication System\\backend\\vendor\\laravel\\framework\\src\\Illuminate\\Foundation\\Http\\Middleware\\TransformsRequest.php(21): Illuminate\\Pipeline\\Pipeline->Illuminate\\Pipeline\\{closure}(Object(Illuminate\\Http\\Request))
#30 C:\\Users\\Dell\\Downloads\\GIT PROJECTS\\Authentication System\\backend\\vendor\\laravel\\framework\\src\\Illuminate\\Foundation\\Http\\Middleware\\ConvertEmptyStringsToNull.php(31): Illuminate\\Foundation\\Http\\Middleware\\TransformsRequest->handle(Object(Illuminate\\Http\\Request), Object(Closure))
#31 C:\\Users\\Dell\\Downloads\\GIT PROJECTS\\Authentication System\\backend\\vendor\\laravel\\framework\\src\\Illuminate\\Pipeline\\Pipeline.php(180): Illuminate\\Foundation\\Http\\Middleware\\ConvertEmptyStringsToNull->handle(Object(Illuminate\\Http\\Request), Object(Closure))
#32 C:\\Users\\Dell\\Downloads\\GIT PROJECTS\\Authentication System\\backend\\vendor\\laravel\\framework\\src\\Illuminate\\Foundation\\Http\\Middleware\\TransformsRequest.php(21): Illuminate\\Pipeline\\Pipeline->Illuminate\\Pipeline\\{closure}(Object(Illuminate\\Http\\Request))
#33 C:\\Users\\Dell\\Downloads\\GIT PROJECTS\\Authentication System\\backend\\vendor\\laravel\\framework\\src\\Illuminate\\Foundation\\Http\\Middleware\\TrimStrings.php(40): Illuminate\\Foundation\\Http\\Middleware\\TransformsRequest->handle(Object(Illuminate\\Http\\Request), Object(Closure))
#34 C:\\Users\\Dell\\Downloads\\GIT PROJECTS\\Authentication System\\backend\\vendor\\laravel\\framework\\src\\Illuminate\\Pipeline\\Pipeline.php(180): Illuminate\\Foundation\\Http\\Middleware\\TrimStrings->handle(Object(Illuminate\\Http\\Request), Object(Closure))
#35 C:\\Users\\Dell\\Downloads\\GIT PROJECTS\\Authentication System\\backend\\vendor\\laravel\\framework\\src\\Illuminate\\Foundation\\Http\\Middleware\\ValidatePostSize.php(27): Illuminate\\Pipeline\\Pipeline->Illuminate\\Pipeline\\{closure}(Object(Illuminate\\Http\\Request))
#36 C:\\Users\\Dell\\Downloads\\GIT PROJECTS\\Authentication System\\backend\\vendor\\laravel\\framework\\src\\Illuminate\\Pipeline\\Pipeline.php(180): Illuminate\\Foundation\\Http\\Middleware\\ValidatePostSize->handle(Object(Illuminate\\Http\\Request), Object(Closure))
#37 C:\\Users\\Dell\\Downloads\\GIT PROJECTS\\Authentication System\\backend\\vendor\\laravel\\framework\\src\\Illuminate\\Foundation\\Http\\Middleware\\PreventRequestsDuringMaintenance.php(86): Illuminate\\Pipeline\\Pipeline->Illuminate\\Pipeline\\{closure}(Object(Illuminate\\Http\\Request))
#38 C:\\Users\\Dell\\Downloads\\GIT PROJECTS\\Authentication System\\backend\\vendor\\laravel\\framework\\src\\Illuminate\\Pipeline\\Pipeline.php(180): Illuminate\\Foundation\\Http\\Middleware\\PreventRequestsDuringMaintenance->handle(Object(Illuminate\\Http\\Request), Object(Closure))
#39 C:\\Users\\Dell\\Downloads\\GIT PROJECTS\\Authentication System\\backend\\vendor\\laravel\\framework\\src\\Illuminate\\Http\\Middleware\\HandleCors.php(62): Illuminate\\Pipeline\\Pipeline->Illuminate\\Pipeline\\{closure}(Object(Illuminate\\Http\\Request))
#40 C:\\Users\\Dell\\Downloads\\GIT PROJECTS\\Authentication System\\backend\\vendor\\laravel\\framework\\src\\Illuminate\\Pipeline\\Pipeline.php(180): Illuminate\\Http\\Middleware\\HandleCors->handle(Object(Illuminate\\Http\\Request), Object(Closure))
#41 C:\\Users\\Dell\\Downloads\\GIT PROJECTS\\Authentication System\\backend\\vendor\\laravel\\framework\\src\\Illuminate\\Http\\Middleware\\TrustProxies.php(39): Illuminate\\Pipeline\\Pipeline->Illuminate\\Pipeline\\{closure}(Object(Illuminate\\Http\\Request))
#42 C:\\Users\\Dell\\Downloads\\GIT PROJECTS\\Authentication System\\backend\\vendor\\laravel\\framework\\src\\Illuminate\\Pipeline\\Pipeline.php(180): Illuminate\\Http\\Middleware\\TrustProxies->handle(Object(Illuminate\\Http\\Request), Object(Closure))
#43 C:\\Users\\Dell\\Downloads\\GIT PROJECTS\\Authentication System\\backend\\vendor\\laravel\\framework\\src\\Illuminate\\Pipeline\\Pipeline.php(116): Illuminate\\Pipeline\\Pipeline->Illuminate\\Pipeline\\{closure}(Object(Illuminate\\Http\\Request))
#44 C:\\Users\\Dell\\Downloads\\GIT PROJECTS\\Authentication System\\backend\\vendor\\laravel\\framework\\src\\Illuminate\\Foundation\\Http\\Kernel.php(175): Illuminate\\Pipeline\\Pipeline->then(Object(Closure))
#45 C:\\Users\\Dell\\Downloads\\GIT PROJECTS\\Authentication System\\backend\\vendor\\laravel\\framework\\src\\Illuminate\\Foundation\\Http\\Kernel.php(144): Illuminate\\Foundation\\Http\\Kernel->sendRequestThroughRouter(Object(Illuminate\\Http\\Request))
#46 C:\\Users\\Dell\\Downloads\\GIT PROJECTS\\Authentication System\\backend\\public\\index.php(51): Illuminate\\Foundation\\Http\\Kernel->handle(Object(Illuminate\\Http\\Request))
#47 C:\\Users\\Dell\\Downloads\\GIT PROJECTS\\Authentication System\\backend\\vendor\\laravel\\framework\\src\\Illuminate\\Foundation\\resources\\server.php(16): require_once('C:\\\\Users\\\\Dell\\\\D...')
#48 {main}
"} 
[2023-10-28 16:32:25] local.ERROR: Undefined property: Illuminate\Support\HtmlString::$view {"exception":"[object] (ErrorException(code: 0): Undefined property: Illuminate\\Support\\HtmlString::$view at C:\\Users\\Dell\\Downloads\\GIT PROJECTS\\Authentication System\\backend\\vendor\\laravel\\framework\\src\\Illuminate\\Mail\\Mailable.php:1703)
[stacktrace]
#0 C:\\Users\\Dell\\Downloads\\GIT PROJECTS\\Authentication System\\backend\\vendor\\laravel\\framework\\src\\Illuminate\\Foundation\\Bootstrap\\HandleExceptions.php(254): Illuminate\\Foundation\\Bootstrap\\HandleExceptions->handleError(2, 'Undefined prope...', 'C:\\\\Users\\\\Dell\\\\D...', 1703)
#1 C:\\Users\\Dell\\Downloads\\GIT PROJECTS\\Authentication System\\backend\\vendor\\laravel\\framework\\src\\Illuminate\\Mail\\Mailable.php(1703): Illuminate\\Foundation\\Bootstrap\\HandleExceptions->Illuminate\\Foundation\\Bootstrap\\{closure}(2, 'Undefined prope...', 'C:\\\\Users\\\\Dell\\\\D...', 1703)
#2 C:\\Users\\Dell\\Downloads\\GIT PROJECTS\\Authentication System\\backend\\vendor\\laravel\\framework\\src\\Illuminate\\Mail\\Mailable.php(1618): Illuminate\\Mail\\Mailable->ensureContentIsHydrated()
#3 C:\\Users\\Dell\\Downloads\\GIT PROJECTS\\Authentication System\\backend\\vendor\\laravel\\framework\\src\\Illuminate\\Mail\\Mailable.php(199): Illuminate\\Mail\\Mailable->prepareMailableForDelivery()
#4 C:\\Users\\Dell\\Downloads\\GIT PROJECTS\\Authentication System\\backend\\vendor\\laravel\\framework\\src\\Illuminate\\Support\\Traits\\Localizable.php(19): Illuminate\\Mail\\Mailable->Illuminate\\Mail\\{closure}()
#5 C:\\Users\\Dell\\Downloads\\GIT PROJECTS\\Authentication System\\backend\\vendor\\laravel\\framework\\src\\Illuminate\\Mail\\Mailable.php(198): Illuminate\\Mail\\Mailable->withLocale(NULL, Object(Closure))
#6 C:\\Users\\Dell\\Downloads\\GIT PROJECTS\\Authentication System\\backend\\vendor\\laravel\\framework\\src\\Illuminate\\Mail\\Mailer.php(326): Illuminate\\Mail\\Mailable->send(Object(Illuminate\\Mail\\Mailer))
#7 C:\\Users\\Dell\\Downloads\\GIT PROJECTS\\Authentication System\\backend\\vendor\\laravel\\framework\\src\\Illuminate\\Mail\\Mailer.php(270): Illuminate\\Mail\\Mailer->sendMailable(Object(App\\Mail\\ForgotPasswordMail))
#8 C:\\Users\\Dell\\Downloads\\GIT PROJECTS\\Authentication System\\backend\\vendor\\laravel\\framework\\src\\Illuminate\\Mail\\PendingMail.php(124): Illuminate\\Mail\\Mailer->send(Object(App\\Mail\\ForgotPasswordMail))
#9 C:\\Users\\Dell\\Downloads\\GIT PROJECTS\\Authentication System\\backend\\app\\Http\\Controllers\\AuthController.php(76): Illuminate\\Mail\\PendingMail->send(Object(App\\Mail\\ForgotPasswordMail))
#10 C:\\Users\\Dell\\Downloads\\GIT PROJECTS\\Authentication System\\backend\\vendor\\laravel\\framework\\src\\Illuminate\\Routing\\Controller.php(54): App\\Http\\Controllers\\AuthController->forgot(Object(App\\Models\\User), Object(Illuminate\\Http\\Request))
#11 C:\\Users\\Dell\\Downloads\\GIT PROJECTS\\Authentication System\\backend\\vendor\\laravel\\framework\\src\\Illuminate\\Routing\\ControllerDispatcher.php(43): Illuminate\\Routing\\Controller->callAction('forgot', Array)
#12 C:\\Users\\Dell\\Downloads\\GIT PROJECTS\\Authentication System\\backend\\vendor\\laravel\\framework\\src\\Illuminate\\Routing\\Route.php(259): Illuminate\\Routing\\ControllerDispatcher->dispatch(Object(Illuminate\\Routing\\Route), Object(App\\Http\\Controllers\\AuthController), 'forgot')
#13 C:\\Users\\Dell\\Downloads\\GIT PROJECTS\\Authentication System\\backend\\vendor\\laravel\\framework\\src\\Illuminate\\Routing\\Route.php(205): Illuminate\\Routing\\Route->runController()
#14 C:\\Users\\Dell\\Downloads\\GIT PROJECTS\\Authentication System\\backend\\vendor\\laravel\\framework\\src\\Illuminate\\Routing\\Router.php(799): Illuminate\\Routing\\Route->run()
#15 C:\\Users\\Dell\\Downloads\\GIT PROJECTS\\Authentication System\\backend\\vendor\\laravel\\framework\\src\\Illuminate\\Pipeline\\Pipeline.php(141): Illuminate\\Routing\\Router->Illuminate\\Routing\\{closure}(Object(Illuminate\\Http\\Request))
#16 C:\\Users\\Dell\\Downloads\\GIT PROJECTS\\Authentication System\\backend\\vendor\\laravel\\framework\\src\\Illuminate\\Routing\\Middleware\\SubstituteBindings.php(50): Illuminate\\Pipeline\\Pipeline->Illuminate\\Pipeline\\{closure}(Object(Illuminate\\Http\\Request))
#17 C:\\Users\\Dell\\Downloads\\GIT PROJECTS\\Authentication System\\backend\\vendor\\laravel\\framework\\src\\Illuminate\\Pipeline\\Pipeline.php(180): Illuminate\\Routing\\Middleware\\SubstituteBindings->handle(Object(Illuminate\\Http\\Request), Object(Closure))
#18 C:\\Users\\Dell\\Downloads\\GIT PROJECTS\\Authentication System\\backend\\vendor\\laravel\\framework\\src\\Illuminate\\Routing\\Middleware\\ThrottleRequests.php(159): Illuminate\\Pipeline\\Pipeline->Illuminate\\Pipeline\\{closure}(Object(Illuminate\\Http\\Request))
#19 C:\\Users\\Dell\\Downloads\\GIT PROJECTS\\Authentication System\\backend\\vendor\\laravel\\framework\\src\\Illuminate\\Routing\\Middleware\\ThrottleRequests.php(125): Illuminate\\Routing\\Middleware\\ThrottleRequests->handleRequest(Object(Illuminate\\Http\\Request), Object(Closure), Array)
#20 C:\\Users\\Dell\\Downloads\\GIT PROJECTS\\Authentication System\\backend\\vendor\\laravel\\framework\\src\\Illuminate\\Routing\\Middleware\\ThrottleRequests.php(87): Illuminate\\Routing\\Middleware\\ThrottleRequests->handleRequestUsingNamedLimiter(Object(Illuminate\\Http\\Request), Object(Closure), 'api', Object(Closure))
#21 C:\\Users\\Dell\\Downloads\\GIT PROJECTS\\Authentication System\\backend\\vendor\\laravel\\framework\\src\\Illuminate\\Pipeline\\Pipeline.php(180): Illuminate\\Routing\\Middleware\\ThrottleRequests->handle(Object(Illuminate\\Http\\Request), Object(Closure), 'api')
#22 C:\\Users\\Dell\\Downloads\\GIT PROJECTS\\Authentication System\\backend\\vendor\\laravel\\framework\\src\\Illuminate\\Pipeline\\Pipeline.php(116): Illuminate\\Pipeline\\Pipeline->Illuminate\\Pipeline\\{closure}(Object(Illuminate\\Http\\Request))
#23 C:\\Users\\Dell\\Downloads\\GIT PROJECTS\\Authentication System\\backend\\vendor\\laravel\\framework\\src\\Illuminate\\Routing\\Router.php(798): Illuminate\\Pipeline\\Pipeline->then(Object(Closure))
#24 C:\\Users\\Dell\\Downloads\\GIT PROJECTS\\Authentication System\\backend\\vendor\\laravel\\framework\\src\\Illuminate\\Routing\\Router.php(777): Illuminate\\Routing\\Router->runRouteWithinStack(Object(Illuminate\\Routing\\Route), Object(Illuminate\\Http\\Request))
#25 C:\\Users\\Dell\\Downloads\\GIT PROJECTS\\Authentication System\\backend\\vendor\\laravel\\framework\\src\\Illuminate\\Routing\\Router.php(741): Illuminate\\Routing\\Router->runRoute(Object(Illuminate\\Http\\Request), Object(Illuminate\\Routing\\Route))
#26 C:\\Users\\Dell\\Downloads\\GIT PROJECTS\\Authentication System\\backend\\vendor\\laravel\\framework\\src\\Illuminate\\Routing\\Router.php(730): Illuminate\\Routing\\Router->dispatchToRoute(Object(Illuminate\\Http\\Request))
#27 C:\\Users\\Dell\\Downloads\\GIT PROJECTS\\Authentication System\\backend\\vendor\\laravel\\framework\\src\\Illuminate\\Foundation\\Http\\Kernel.php(200): Illuminate\\Routing\\Router->dispatch(Object(Illuminate\\Http\\Request))
#28 C:\\Users\\Dell\\Downloads\\GIT PROJECTS\\Authentication System\\backend\\vendor\\laravel\\framework\\src\\Illuminate\\Pipeline\\Pipeline.php(141): Illuminate\\Foundation\\Http\\Kernel->Illuminate\\Foundation\\Http\\{closure}(Object(Illuminate\\Http\\Request))
#29 C:\\Users\\Dell\\Downloads\\GIT PROJECTS\\Authentication System\\backend\\vendor\\laravel\\framework\\src\\Illuminate\\Foundation\\Http\\Middleware\\TransformsRequest.php(21): Illuminate\\Pipeline\\Pipeline->Illuminate\\Pipeline\\{closure}(Object(Illuminate\\Http\\Request))
#30 C:\\Users\\Dell\\Downloads\\GIT PROJECTS\\Authentication System\\backend\\vendor\\laravel\\framework\\src\\Illuminate\\Foundation\\Http\\Middleware\\ConvertEmptyStringsToNull.php(31): Illuminate\\Foundation\\Http\\Middleware\\TransformsRequest->handle(Object(Illuminate\\Http\\Request), Object(Closure))
#31 C:\\Users\\Dell\\Downloads\\GIT PROJECTS\\Authentication System\\backend\\vendor\\laravel\\framework\\src\\Illuminate\\Pipeline\\Pipeline.php(180): Illuminate\\Foundation\\Http\\Middleware\\ConvertEmptyStringsToNull->handle(Object(Illuminate\\Http\\Request), Object(Closure))
#32 C:\\Users\\Dell\\Downloads\\GIT PROJECTS\\Authentication System\\backend\\vendor\\laravel\\framework\\src\\Illuminate\\Foundation\\Http\\Middleware\\TransformsRequest.php(21): Illuminate\\Pipeline\\Pipeline->Illuminate\\Pipeline\\{closure}(Object(Illuminate\\Http\\Request))
#33 C:\\Users\\Dell\\Downloads\\GIT PROJECTS\\Authentication System\\backend\\vendor\\laravel\\framework\\src\\Illuminate\\Foundation\\Http\\Middleware\\TrimStrings.php(40): Illuminate\\Foundation\\Http\\Middleware\\TransformsRequest->handle(Object(Illuminate\\Http\\Request), Object(Closure))
#34 C:\\Users\\Dell\\Downloads\\GIT PROJECTS\\Authentication System\\backend\\vendor\\laravel\\framework\\src\\Illuminate\\Pipeline\\Pipeline.php(180): Illuminate\\Foundation\\Http\\Middleware\\TrimStrings->handle(Object(Illuminate\\Http\\Request), Object(Closure))
#35 C:\\Users\\Dell\\Downloads\\GIT PROJECTS\\Authentication System\\backend\\vendor\\laravel\\framework\\src\\Illuminate\\Foundation\\Http\\Middleware\\ValidatePostSize.php(27): Illuminate\\Pipeline\\Pipeline->Illuminate\\Pipeline\\{closure}(Object(Illuminate\\Http\\Request))
#36 C:\\Users\\Dell\\Downloads\\GIT PROJECTS\\Authentication System\\backend\\vendor\\laravel\\framework\\src\\Illuminate\\Pipeline\\Pipeline.php(180): Illuminate\\Foundation\\Http\\Middleware\\ValidatePostSize->handle(Object(Illuminate\\Http\\Request), Object(Closure))
#37 C:\\Users\\Dell\\Downloads\\GIT PROJECTS\\Authentication System\\backend\\vendor\\laravel\\framework\\src\\Illuminate\\Foundation\\Http\\Middleware\\PreventRequestsDuringMaintenance.php(86): Illuminate\\Pipeline\\Pipeline->Illuminate\\Pipeline\\{closure}(Object(Illuminate\\Http\\Request))
#38 C:\\Users\\Dell\\Downloads\\GIT PROJECTS\\Authentication System\\backend\\vendor\\laravel\\framework\\src\\Illuminate\\Pipeline\\Pipeline.php(180): Illuminate\\Foundation\\Http\\Middleware\\PreventRequestsDuringMaintenance->handle(Object(Illuminate\\Http\\Request), Object(Closure))
#39 C:\\Users\\Dell\\Downloads\\GIT PROJECTS\\Authentication System\\backend\\vendor\\laravel\\framework\\src\\Illuminate\\Http\\Middleware\\HandleCors.php(62): Illuminate\\Pipeline\\Pipeline->Illuminate\\Pipeline\\{closure}(Object(Illuminate\\Http\\Request))
#40 C:\\Users\\Dell\\Downloads\\GIT PROJECTS\\Authentication System\\backend\\vendor\\laravel\\framework\\src\\Illuminate\\Pipeline\\Pipeline.php(180): Illuminate\\Http\\Middleware\\HandleCors->handle(Object(Illuminate\\Http\\Request), Object(Closure))
#41 C:\\Users\\Dell\\Downloads\\GIT PROJECTS\\Authentication System\\backend\\vendor\\laravel\\framework\\src\\Illuminate\\Http\\Middleware\\TrustProxies.php(39): Illuminate\\Pipeline\\Pipeline->Illuminate\\Pipeline\\{closure}(Object(Illuminate\\Http\\Request))
#42 C:\\Users\\Dell\\Downloads\\GIT PROJECTS\\Authentication System\\backend\\vendor\\laravel\\framework\\src\\Illuminate\\Pipeline\\Pipeline.php(180): Illuminate\\Http\\Middleware\\TrustProxies->handle(Object(Illuminate\\Http\\Request), Object(Closure))
#43 C:\\Users\\Dell\\Downloads\\GIT PROJECTS\\Authentication System\\backend\\vendor\\laravel\\framework\\src\\Illuminate\\Pipeline\\Pipeline.php(116): Illuminate\\Pipeline\\Pipeline->Illuminate\\Pipeline\\{closure}(Object(Illuminate\\Http\\Request))
#44 C:\\Users\\Dell\\Downloads\\GIT PROJECTS\\Authentication System\\backend\\vendor\\laravel\\framework\\src\\Illuminate\\Foundation\\Http\\Kernel.php(175): Illuminate\\Pipeline\\Pipeline->then(Object(Closure))
#45 C:\\Users\\Dell\\Downloads\\GIT PROJECTS\\Authentication System\\backend\\vendor\\laravel\\framework\\src\\Illuminate\\Foundation\\Http\\Kernel.php(144): Illuminate\\Foundation\\Http\\Kernel->sendRequestThroughRouter(Object(Illuminate\\Http\\Request))
#46 C:\\Users\\Dell\\Downloads\\GIT PROJECTS\\Authentication System\\backend\\public\\index.php(51): Illuminate\\Foundation\\Http\\Kernel->handle(Object(Illuminate\\Http\\Request))
#47 C:\\Users\\Dell\\Downloads\\GIT PROJECTS\\Authentication System\\backend\\vendor\\laravel\\framework\\src\\Illuminate\\Foundation\\resources\\server.php(16): require_once('C:\\\\Users\\\\Dell\\\\D...')
#48 {main}
"} 
[2023-10-28 16:32:48] local.ERROR: Undefined property: Illuminate\Support\HtmlString::$view {"exception":"[object] (ErrorException(code: 0): Undefined property: Illuminate\\Support\\HtmlString::$view at C:\\Users\\Dell\\Downloads\\GIT PROJECTS\\Authentication System\\backend\\vendor\\laravel\\framework\\src\\Illuminate\\Mail\\Mailable.php:1703)
[stacktrace]
#0 C:\\Users\\Dell\\Downloads\\GIT PROJECTS\\Authentication System\\backend\\vendor\\laravel\\framework\\src\\Illuminate\\Foundation\\Bootstrap\\HandleExceptions.php(254): Illuminate\\Foundation\\Bootstrap\\HandleExceptions->handleError(2, 'Undefined prope...', 'C:\\\\Users\\\\Dell\\\\D...', 1703)
#1 C:\\Users\\Dell\\Downloads\\GIT PROJECTS\\Authentication System\\backend\\vendor\\laravel\\framework\\src\\Illuminate\\Mail\\Mailable.php(1703): Illuminate\\Foundation\\Bootstrap\\HandleExceptions->Illuminate\\Foundation\\Bootstrap\\{closure}(2, 'Undefined prope...', 'C:\\\\Users\\\\Dell\\\\D...', 1703)
#2 C:\\Users\\Dell\\Downloads\\GIT PROJECTS\\Authentication System\\backend\\vendor\\laravel\\framework\\src\\Illuminate\\Mail\\Mailable.php(1618): Illuminate\\Mail\\Mailable->ensureContentIsHydrated()
#3 C:\\Users\\Dell\\Downloads\\GIT PROJECTS\\Authentication System\\backend\\vendor\\laravel\\framework\\src\\Illuminate\\Mail\\Mailable.php(199): Illuminate\\Mail\\Mailable->prepareMailableForDelivery()
#4 C:\\Users\\Dell\\Downloads\\GIT PROJECTS\\Authentication System\\backend\\vendor\\laravel\\framework\\src\\Illuminate\\Support\\Traits\\Localizable.php(19): Illuminate\\Mail\\Mailable->Illuminate\\Mail\\{closure}()
#5 C:\\Users\\Dell\\Downloads\\GIT PROJECTS\\Authentication System\\backend\\vendor\\laravel\\framework\\src\\Illuminate\\Mail\\Mailable.php(198): Illuminate\\Mail\\Mailable->withLocale(NULL, Object(Closure))
#6 C:\\Users\\Dell\\Downloads\\GIT PROJECTS\\Authentication System\\backend\\vendor\\laravel\\framework\\src\\Illuminate\\Mail\\Mailer.php(326): Illuminate\\Mail\\Mailable->send(Object(Illuminate\\Mail\\Mailer))
#7 C:\\Users\\Dell\\Downloads\\GIT PROJECTS\\Authentication System\\backend\\vendor\\laravel\\framework\\src\\Illuminate\\Mail\\Mailer.php(270): Illuminate\\Mail\\Mailer->sendMailable(Object(App\\Mail\\ForgotPasswordMail))
#8 C:\\Users\\Dell\\Downloads\\GIT PROJECTS\\Authentication System\\backend\\vendor\\laravel\\framework\\src\\Illuminate\\Mail\\PendingMail.php(124): Illuminate\\Mail\\Mailer->send(Object(App\\Mail\\ForgotPasswordMail))
#9 C:\\Users\\Dell\\Downloads\\GIT PROJECTS\\Authentication System\\backend\\app\\Http\\Controllers\\AuthController.php(76): Illuminate\\Mail\\PendingMail->send(Object(App\\Mail\\ForgotPasswordMail))
#10 C:\\Users\\Dell\\Downloads\\GIT PROJECTS\\Authentication System\\backend\\vendor\\laravel\\framework\\src\\Illuminate\\Routing\\Controller.php(54): App\\Http\\Controllers\\AuthController->forgot(Object(App\\Models\\User), Object(Illuminate\\Http\\Request))
#11 C:\\Users\\Dell\\Downloads\\GIT PROJECTS\\Authentication System\\backend\\vendor\\laravel\\framework\\src\\Illuminate\\Routing\\ControllerDispatcher.php(43): Illuminate\\Routing\\Controller->callAction('forgot', Array)
#12 C:\\Users\\Dell\\Downloads\\GIT PROJECTS\\Authentication System\\backend\\vendor\\laravel\\framework\\src\\Illuminate\\Routing\\Route.php(259): Illuminate\\Routing\\ControllerDispatcher->dispatch(Object(Illuminate\\Routing\\Route), Object(App\\Http\\Controllers\\AuthController), 'forgot')
#13 C:\\Users\\Dell\\Downloads\\GIT PROJECTS\\Authentication System\\backend\\vendor\\laravel\\framework\\src\\Illuminate\\Routing\\Route.php(205): Illuminate\\Routing\\Route->runController()
#14 C:\\Users\\Dell\\Downloads\\GIT PROJECTS\\Authentication System\\backend\\vendor\\laravel\\framework\\src\\Illuminate\\Routing\\Router.php(799): Illuminate\\Routing\\Route->run()
#15 C:\\Users\\Dell\\Downloads\\GIT PROJECTS\\Authentication System\\backend\\vendor\\laravel\\framework\\src\\Illuminate\\Pipeline\\Pipeline.php(141): Illuminate\\Routing\\Router->Illuminate\\Routing\\{closure}(Object(Illuminate\\Http\\Request))
#16 C:\\Users\\Dell\\Downloads\\GIT PROJECTS\\Authentication System\\backend\\vendor\\laravel\\framework\\src\\Illuminate\\Routing\\Middleware\\SubstituteBindings.php(50): Illuminate\\Pipeline\\Pipeline->Illuminate\\Pipeline\\{closure}(Object(Illuminate\\Http\\Request))
#17 C:\\Users\\Dell\\Downloads\\GIT PROJECTS\\Authentication System\\backend\\vendor\\laravel\\framework\\src\\Illuminate\\Pipeline\\Pipeline.php(180): Illuminate\\Routing\\Middleware\\SubstituteBindings->handle(Object(Illuminate\\Http\\Request), Object(Closure))
#18 C:\\Users\\Dell\\Downloads\\GIT PROJECTS\\Authentication System\\backend\\vendor\\laravel\\framework\\src\\Illuminate\\Routing\\Middleware\\ThrottleRequests.php(159): Illuminate\\Pipeline\\Pipeline->Illuminate\\Pipeline\\{closure}(Object(Illuminate\\Http\\Request))
#19 C:\\Users\\Dell\\Downloads\\GIT PROJECTS\\Authentication System\\backend\\vendor\\laravel\\framework\\src\\Illuminate\\Routing\\Middleware\\ThrottleRequests.php(125): Illuminate\\Routing\\Middleware\\ThrottleRequests->handleRequest(Object(Illuminate\\Http\\Request), Object(Closure), Array)
#20 C:\\Users\\Dell\\Downloads\\GIT PROJECTS\\Authentication System\\backend\\vendor\\laravel\\framework\\src\\Illuminate\\Routing\\Middleware\\ThrottleRequests.php(87): Illuminate\\Routing\\Middleware\\ThrottleRequests->handleRequestUsingNamedLimiter(Object(Illuminate\\Http\\Request), Object(Closure), 'api', Object(Closure))
#21 C:\\Users\\Dell\\Downloads\\GIT PROJECTS\\Authentication System\\backend\\vendor\\laravel\\framework\\src\\Illuminate\\Pipeline\\Pipeline.php(180): Illuminate\\Routing\\Middleware\\ThrottleRequests->handle(Object(Illuminate\\Http\\Request), Object(Closure), 'api')
#22 C:\\Users\\Dell\\Downloads\\GIT PROJECTS\\Authentication System\\backend\\vendor\\laravel\\framework\\src\\Illuminate\\Pipeline\\Pipeline.php(116): Illuminate\\Pipeline\\Pipeline->Illuminate\\Pipeline\\{closure}(Object(Illuminate\\Http\\Request))
#23 C:\\Users\\Dell\\Downloads\\GIT PROJECTS\\Authentication System\\backend\\vendor\\laravel\\framework\\src\\Illuminate\\Routing\\Router.php(798): Illuminate\\Pipeline\\Pipeline->then(Object(Closure))
#24 C:\\Users\\Dell\\Downloads\\GIT PROJECTS\\Authentication System\\backend\\vendor\\laravel\\framework\\src\\Illuminate\\Routing\\Router.php(777): Illuminate\\Routing\\Router->runRouteWithinStack(Object(Illuminate\\Routing\\Route), Object(Illuminate\\Http\\Request))
#25 C:\\Users\\Dell\\Downloads\\GIT PROJECTS\\Authentication System\\backend\\vendor\\laravel\\framework\\src\\Illuminate\\Routing\\Router.php(741): Illuminate\\Routing\\Router->runRoute(Object(Illuminate\\Http\\Request), Object(Illuminate\\Routing\\Route))
#26 C:\\Users\\Dell\\Downloads\\GIT PROJECTS\\Authentication System\\backend\\vendor\\laravel\\framework\\src\\Illuminate\\Routing\\Router.php(730): Illuminate\\Routing\\Router->dispatchToRoute(Object(Illuminate\\Http\\Request))
#27 C:\\Users\\Dell\\Downloads\\GIT PROJECTS\\Authentication System\\backend\\vendor\\laravel\\framework\\src\\Illuminate\\Foundation\\Http\\Kernel.php(200): Illuminate\\Routing\\Router->dispatch(Object(Illuminate\\Http\\Request))
#28 C:\\Users\\Dell\\Downloads\\GIT PROJECTS\\Authentication System\\backend\\vendor\\laravel\\framework\\src\\Illuminate\\Pipeline\\Pipeline.php(141): Illuminate\\Foundation\\Http\\Kernel->Illuminate\\Foundation\\Http\\{closure}(Object(Illuminate\\Http\\Request))
#29 C:\\Users\\Dell\\Downloads\\GIT PROJECTS\\Authentication System\\backend\\vendor\\laravel\\framework\\src\\Illuminate\\Foundation\\Http\\Middleware\\TransformsRequest.php(21): Illuminate\\Pipeline\\Pipeline->Illuminate\\Pipeline\\{closure}(Object(Illuminate\\Http\\Request))
#30 C:\\Users\\Dell\\Downloads\\GIT PROJECTS\\Authentication System\\backend\\vendor\\laravel\\framework\\src\\Illuminate\\Foundation\\Http\\Middleware\\ConvertEmptyStringsToNull.php(31): Illuminate\\Foundation\\Http\\Middleware\\TransformsRequest->handle(Object(Illuminate\\Http\\Request), Object(Closure))
#31 C:\\Users\\Dell\\Downloads\\GIT PROJECTS\\Authentication System\\backend\\vendor\\laravel\\framework\\src\\Illuminate\\Pipeline\\Pipeline.php(180): Illuminate\\Foundation\\Http\\Middleware\\ConvertEmptyStringsToNull->handle(Object(Illuminate\\Http\\Request), Object(Closure))
#32 C:\\Users\\Dell\\Downloads\\GIT PROJECTS\\Authentication System\\backend\\vendor\\laravel\\framework\\src\\Illuminate\\Foundation\\Http\\Middleware\\TransformsRequest.php(21): Illuminate\\Pipeline\\Pipeline->Illuminate\\Pipeline\\{closure}(Object(Illuminate\\Http\\Request))
#33 C:\\Users\\Dell\\Downloads\\GIT PROJECTS\\Authentication System\\backend\\vendor\\laravel\\framework\\src\\Illuminate\\Foundation\\Http\\Middleware\\TrimStrings.php(40): Illuminate\\Foundation\\Http\\Middleware\\TransformsRequest->handle(Object(Illuminate\\Http\\Request), Object(Closure))
#34 C:\\Users\\Dell\\Downloads\\GIT PROJECTS\\Authentication System\\backend\\vendor\\laravel\\framework\\src\\Illuminate\\Pipeline\\Pipeline.php(180): Illuminate\\Foundation\\Http\\Middleware\\TrimStrings->handle(Object(Illuminate\\Http\\Request), Object(Closure))
#35 C:\\Users\\Dell\\Downloads\\GIT PROJECTS\\Authentication System\\backend\\vendor\\laravel\\framework\\src\\Illuminate\\Foundation\\Http\\Middleware\\ValidatePostSize.php(27): Illuminate\\Pipeline\\Pipeline->Illuminate\\Pipeline\\{closure}(Object(Illuminate\\Http\\Request))
#36 C:\\Users\\Dell\\Downloads\\GIT PROJECTS\\Authentication System\\backend\\vendor\\laravel\\framework\\src\\Illuminate\\Pipeline\\Pipeline.php(180): Illuminate\\Foundation\\Http\\Middleware\\ValidatePostSize->handle(Object(Illuminate\\Http\\Request), Object(Closure))
#37 C:\\Users\\Dell\\Downloads\\GIT PROJECTS\\Authentication System\\backend\\vendor\\laravel\\framework\\src\\Illuminate\\Foundation\\Http\\Middleware\\PreventRequestsDuringMaintenance.php(86): Illuminate\\Pipeline\\Pipeline->Illuminate\\Pipeline\\{closure}(Object(Illuminate\\Http\\Request))
#38 C:\\Users\\Dell\\Downloads\\GIT PROJECTS\\Authentication System\\backend\\vendor\\laravel\\framework\\src\\Illuminate\\Pipeline\\Pipeline.php(180): Illuminate\\Foundation\\Http\\Middleware\\PreventRequestsDuringMaintenance->handle(Object(Illuminate\\Http\\Request), Object(Closure))
#39 C:\\Users\\Dell\\Downloads\\GIT PROJECTS\\Authentication System\\backend\\vendor\\laravel\\framework\\src\\Illuminate\\Http\\Middleware\\HandleCors.php(62): Illuminate\\Pipeline\\Pipeline->Illuminate\\Pipeline\\{closure}(Object(Illuminate\\Http\\Request))
#40 C:\\Users\\Dell\\Downloads\\GIT PROJECTS\\Authentication System\\backend\\vendor\\laravel\\framework\\src\\Illuminate\\Pipeline\\Pipeline.php(180): Illuminate\\Http\\Middleware\\HandleCors->handle(Object(Illuminate\\Http\\Request), Object(Closure))
#41 C:\\Users\\Dell\\Downloads\\GIT PROJECTS\\Authentication System\\backend\\vendor\\laravel\\framework\\src\\Illuminate\\Http\\Middleware\\TrustProxies.php(39): Illuminate\\Pipeline\\Pipeline->Illuminate\\Pipeline\\{closure}(Object(Illuminate\\Http\\Request))
#42 C:\\Users\\Dell\\Downloads\\GIT PROJECTS\\Authentication System\\backend\\vendor\\laravel\\framework\\src\\Illuminate\\Pipeline\\Pipeline.php(180): Illuminate\\Http\\Middleware\\TrustProxies->handle(Object(Illuminate\\Http\\Request), Object(Closure))
#43 C:\\Users\\Dell\\Downloads\\GIT PROJECTS\\Authentication System\\backend\\vendor\\laravel\\framework\\src\\Illuminate\\Pipeline\\Pipeline.php(116): Illuminate\\Pipeline\\Pipeline->Illuminate\\Pipeline\\{closure}(Object(Illuminate\\Http\\Request))
#44 C:\\Users\\Dell\\Downloads\\GIT PROJECTS\\Authentication System\\backend\\vendor\\laravel\\framework\\src\\Illuminate\\Foundation\\Http\\Kernel.php(175): Illuminate\\Pipeline\\Pipeline->then(Object(Closure))
#45 C:\\Users\\Dell\\Downloads\\GIT PROJECTS\\Authentication System\\backend\\vendor\\laravel\\framework\\src\\Illuminate\\Foundation\\Http\\Kernel.php(144): Illuminate\\Foundation\\Http\\Kernel->sendRequestThroughRouter(Object(Illuminate\\Http\\Request))
#46 C:\\Users\\Dell\\Downloads\\GIT PROJECTS\\Authentication System\\backend\\public\\index.php(51): Illuminate\\Foundation\\Http\\Kernel->handle(Object(Illuminate\\Http\\Request))
#47 C:\\Users\\Dell\\Downloads\\GIT PROJECTS\\Authentication System\\backend\\vendor\\laravel\\framework\\src\\Illuminate\\Foundation\\resources\\server.php(16): require_once('C:\\\\Users\\\\Dell\\\\D...')
#48 {main}
"} 
